Mar-29 16:29:40.979 [main] DEBUG nextflow.cli.Launcher - $> nextflow run main.nf -resume
Mar-29 16:29:41.034 [main] DEBUG nextflow.cli.CmdRun - N E X T F L O W  ~  version 25.10.4
Mar-29 16:29:41.053 [main] DEBUG nextflow.plugin.PluginsFacade - Setting up plugin manager > mode=prod; embedded=false; plugins-dir=/Users/bibhusimkhada/.nextflow/plugins; core-plugins: nf-amazon@3.4.4,nf-azure@1.20.2,nf-cloudcache@0.5.0,nf-codecommit@0.5.0,nf-console@1.3.0,nf-google@1.23.5,nf-k8s@1.2.2,nf-tower@1.17.5,nf-wave@1.16.1
Mar-29 16:29:41.081 [main] INFO  o.pf4j.DefaultPluginStatusProvider - Enabled plugins: []
Mar-29 16:29:41.082 [main] INFO  o.pf4j.DefaultPluginStatusProvider - Disabled plugins: []
Mar-29 16:29:41.084 [main] INFO  org.pf4j.DefaultPluginManager - PF4J version 3.12.0 in 'deployment' mode
Mar-29 16:29:41.094 [main] DEBUG nextflow.util.RetryConfig - Missing nextflow session - using default retry config
Mar-29 16:29:41.205 [main] INFO  org.pf4j.AbstractPluginManager - No plugins
Mar-29 16:29:41.236 [main] DEBUG nextflow.plugin.PluginsFacade - Plugins default=[]
Mar-29 16:29:41.236 [main] DEBUG nextflow.plugin.PluginsFacade - Plugins resolved requirement=[]
Mar-29 16:29:41.246 [main] DEBUG n.secret.LocalSecretsProvider - Secrets store: /Users/bibhusimkhada/.nextflow/secrets/store.json
Mar-29 16:29:41.250 [main] DEBUG nextflow.secret.SecretsLoader - Discovered secrets providers: [nextflow.secret.LocalSecretsProvider@7cab1508] - activable => nextflow.secret.LocalSecretsProvider@7cab1508
Mar-29 16:29:41.255 [main] DEBUG nextflow.cli.CmdRun - Applied DSL=2 from script declaration
Mar-29 16:29:41.264 [main] DEBUG nextflow.cli.CmdRun - Launching `main.nf` [voluminous_jang] DSL2 - revision: 1d84d02268
Mar-29 16:29:41.306 [main] DEBUG nextflow.Session - Session UUID: bc52816a-ccc5-49cd-aee4-50241404444e
Mar-29 16:29:41.306 [main] DEBUG nextflow.Session - Run name: voluminous_jang
Mar-29 16:29:41.306 [main] DEBUG nextflow.Session - Executor pool size: 8
Mar-29 16:29:41.311 [main] DEBUG nextflow.file.FilePorter - File porter settings maxRetries=3; maxTransfers=50; pollTimeout=null
Mar-29 16:29:41.314 [main] DEBUG nextflow.util.ThreadPoolBuilder - Creating thread pool 'FileTransfer' minSize=10; maxSize=24; workQueue=LinkedBlockingQueue[-1]; allowCoreThreadTimeout=false
Mar-29 16:29:41.336 [main] DEBUG nextflow.cli.CmdRun - 
  Version: 25.10.4 build 11173
  Created: 10-02-2026 15:17 UTC (10:17 EDT)
  System: Mac OS X 26.4
  Runtime: Groovy 4.0.28 on Java HotSpot(TM) 64-Bit Server VM 25.0.2+10-LTS-69
  Encoding: UTF-8 (UTF-8)
  Process: 7526@Bibhus-MacBook-Air.local [127.0.0.1]
  CPUs: 8 - Mem: 8 GB (107.8 MB) - Swap: 2 GB (1 GB)
Mar-29 16:29:41.348 [main] DEBUG nextflow.Session - Work-dir: /Volumes/Bibhu's SSD/RNA_seq/Pipeline/Scripts/work [Mac OS X]
Mar-29 16:29:41.348 [main] DEBUG nextflow.Session - Script base path does not exist or is not a directory: /Volumes/Bibhu's SSD/RNA_seq/Pipeline/Scripts/bin
Mar-29 16:29:41.353 [main] DEBUG nextflow.executor.ExecutorFactory - Extension executors providers=[]
Mar-29 16:29:41.357 [main] DEBUG nextflow.Session - Observer factory (v2): LinObserverFactory
Mar-29 16:29:41.358 [main] DEBUG nextflow.Session - Observer factory (v2): DefaultObserverFactory
Mar-29 16:29:41.373 [main] DEBUG nextflow.cache.CacheFactory - Using Nextflow cache factory: nextflow.cache.DefaultCacheFactory
Mar-29 16:29:41.378 [main] DEBUG nextflow.util.CustomThreadPool - Creating default thread pool > poolSize: 9; maxThreads: 1000
Mar-29 16:29:41.422 [main] DEBUG nextflow.Session - Session start
Mar-29 16:29:41.793 [main] DEBUG nextflow.script.ScriptRunner - > Launching execution
Mar-29 16:29:41.797 [main] WARN  nextflow.script.ScriptBinding - Access to undefined parameter `config_file` -- Initialise it to a default value eg. `params.config_file = some_value`
Mar-29 16:29:41.959 [main] DEBUG nextflow.executor.ExecutorFactory - << taskConfig executor: null
Mar-29 16:29:41.959 [main] DEBUG nextflow.executor.ExecutorFactory - >> processorType: 'local'
Mar-29 16:29:41.964 [main] DEBUG nextflow.executor.Executor - [warm up] executor > local
Mar-29 16:29:41.968 [main] DEBUG n.processor.LocalPollingMonitor - Creating local task monitor for executor 'local' > cpus=8; memory=8 GB; capacity=8; pollInterval=100ms; dumpInterval=5m
Mar-29 16:29:41.969 [main] DEBUG n.processor.TaskPollingMonitor - >>> barrier register (monitor: local)
Mar-29 16:29:41.985 [main] DEBUG nextflow.processor.TaskProcessor - Creating process 'FASTP': maxForks=0; fair=false; array=0
Mar-29 16:29:42.000 [main] DEBUG nextflow.Session - Workflow process names [dsl2]: FASTP
Mar-29 16:29:42.001 [main] DEBUG nextflow.Session - Igniting dataflow network (2)
Mar-29 16:29:42.003 [PathVisitor-1] DEBUG nextflow.file.PathVisitor - files for syntax: glob; folder: /Volumes/Bibhu's SSD/RNA_seq/FASTQ/; pattern: *_{1,2}.fq.gz; options: [checkIfExists:true]
Mar-29 16:29:42.003 [main] DEBUG nextflow.processor.TaskProcessor - Starting process > FASTP
Mar-29 16:29:42.004 [main] DEBUG nextflow.script.ScriptRunner - Parsed script files:
  Script_ee424a4bde4f2ddb: /Volumes/Bibhu's SSD/RNA_seq/Pipeline/Scripts/main.nf
Mar-29 16:29:42.004 [main] DEBUG nextflow.script.ScriptRunner - > Awaiting termination 
Mar-29 16:29:42.004 [main] DEBUG nextflow.Session - Session await
Mar-29 16:29:42.108 [Task submitter] DEBUG n.executor.local.LocalTaskHandler - Launch cmd line: /bin/bash -ue .command.run
Mar-29 16:29:42.110 [Task submitter] INFO  nextflow.Session - [a3/d419c0] Submitted process > FASTP (sample_R1)
Mar-29 16:29:42.119 [Task submitter] DEBUG n.executor.local.LocalTaskHandler - Launch cmd line: /bin/bash -ue .command.run
Mar-29 16:29:42.119 [Task submitter] INFO  nextflow.Session - [0c/09b844] Submitted process > FASTP (sample_R2)
Mar-29 16:29:42.578 [Task monitor] DEBUG n.processor.TaskPollingMonitor - Task completed > TaskHandler[id: 2; name: FASTP (sample_R1); status: COMPLETED; exit: 0; error: -; workDir: /Volumes/Bibhu's SSD/RNA_seq/Pipeline/Scripts/work/a3/d419c019ccc41cea1a4a6f9d096917]
Mar-29 16:29:42.579 [Task monitor] DEBUG nextflow.util.ThreadPoolBuilder - Creating thread pool 'TaskFinalizer' minSize=10; maxSize=24; workQueue=LinkedBlockingQueue[-1]; allowCoreThreadTimeout=false
Mar-29 16:29:42.580 [Task monitor] DEBUG n.processor.TaskPollingMonitor - Task completed > TaskHandler[id: 1; name: FASTP (sample_R2); status: COMPLETED; exit: 0; error: -; workDir: /Volumes/Bibhu's SSD/RNA_seq/Pipeline/Scripts/work/0c/09b8443804d6f0ef8dc3ad05ed4fe5]
Mar-29 16:29:42.607 [TaskFinalizer-1] DEBUG nextflow.util.ThreadPoolBuilder - Creating thread pool 'PublishDir' minSize=10; maxSize=24; workQueue=LinkedBlockingQueue[-1]; allowCoreThreadTimeout=false
Mar-29 16:29:42.612 [main] DEBUG nextflow.Session - Session await > all processes finished
Mar-29 16:29:42.682 [Task monitor] DEBUG n.processor.TaskPollingMonitor - <<< barrier arrives (monitor: local) - terminating tasks monitor poll loop
Mar-29 16:29:42.682 [main] DEBUG nextflow.Session - Session await > all barriers passed
Mar-29 16:29:42.683 [main] DEBUG nextflow.util.ThreadPoolManager - Thread pool 'TaskFinalizer' shutdown completed (hard=false)
Mar-29 16:29:42.684 [main] DEBUG nextflow.util.ThreadPoolManager - Thread pool 'PublishDir' shutdown completed (hard=false)
Mar-29 16:29:42.688 [main] DEBUG n.trace.WorkflowStatsObserver - Workflow completed > WorkflowStats[succeededCount=2; failedCount=0; ignoredCount=0; cachedCount=0; pendingCount=0; submittedCount=0; runningCount=0; retriesCount=0; abortedCount=0; succeedDuration=3.2s; failedDuration=0ms; cachedDuration=0ms;loadCpus=0; loadMemory=0; peakRunning=2; peakCpus=8; peakMemory=0; ]
Mar-29 16:29:42.718 [main] DEBUG nextflow.cache.CacheDB - Closing CacheDB done
Mar-29 16:29:42.725 [main] DEBUG nextflow.util.ThreadPoolManager - Thread pool 'FileTransfer' shutdown completed (hard=false)
Mar-29 16:29:42.725 [main] DEBUG nextflow.script.ScriptRunner - > Execution complete -- Goodbye
