Detecting adapter sequence for read1...
No adapter detected for read1

Detecting adapter sequence for read2...
No adapter detected for read2

Read1 before filtering:
total reads: 4967
total bases: 495569
Q20 bases: 494924(99.8698%)
Q30 bases: 494924(99.8698%)
Q40 bases: 0(0%)

Read2 before filtering:
total reads: 4967
total bases: 495569
Q20 bases: 494958(99.8767%)
Q30 bases: 494958(99.8767%)
Q40 bases: 0(0%)

Read1 after filtering:
total reads: 4967
total bases: 495569
Q20 bases: 494924(99.8698%)
Q30 bases: 494924(99.8698%)
Q40 bases: 0(0%)

Read2 after filtering:
total reads: 4967
total bases: 495569
Q20 bases: 494958(99.8767%)
Q30 bases: 494958(99.8767%)
Q40 bases: 0(0%)

Filtering result:
reads passed filter: 9934
reads failed due to low quality: 0
reads failed due to too many N: 0
reads failed due to too short: 0
reads failed due to adapter dimer: 0
reads with adapter trimmed: 0
bases trimmed due to adapters: 0

Duplication rate: 0.664385%

Insert size peak (evaluated by paired-end reads): 87

JSON report: sample_R2.fastp.json
HTML report: sample_R2.fastp.html

fastp -i sample_R2_1.fq.gz -I sample_R2_2.fq.gz -o sample_R2_R1.trim.fq.gz -O sample_R2_R2.trim.fq.gz -j sample_R2.fastp.json -h sample_R2.fastp.html --detect_adapter_for_pe -w 4 
fastp v1.3.0, time used: 0 seconds
